<?xml version="1.0" encoding="UTF-8"?>
<testng-results skipped="0" failed="0" total="1" passed="1">
  <reporter-output>
  </reporter-output>
  <suite name="Default suite" duration-ms="6477" started-at="2022-08-12T09:26:15Z" finished-at="2022-08-12T09:26:21Z">
    <groups>
    </groups>
    <test name="Default test" duration-ms="6477" started-at="2022-08-12T09:26:15Z" finished-at="2022-08-12T09:26:21Z">
      <class name="Test1.amazon">
        <test-method status="PASS" signature="function1()[pri:0, instance:Test1.amazon@1ed4004b]" name="function1" duration-ms="6460" started-at="2022-08-12T14:56:15Z" finished-at="2022-08-12T14:56:21Z">
          <reporter-output>
          </reporter-output>
        </test-method> <!-- function1 -->
      </class> <!-- Test1.amazon -->
    </test> <!-- Default test -->
  </suite> <!-- Default suite -->
</testng-results>
